0 info it worked if it ends with ok
1 verbose cli [ 'C:\\Program Files\\nodejs\\node.exe',
1 verbose cli   'C:\\Program Files\\nodejs\\node_modules\\npm\\bin\\npm-cli.js',
1 verbose cli   'run',
1 verbose cli   'deploy' ]
2 info using npm@3.10.9
3 info using node@v6.9.2
4 verbose run-script [ 'predeploy', 'deploy', 'postdeploy' ]
5 info lifecycle gitpages@0.1.0~predeploy: gitpages@0.1.0
6 silly lifecycle gitpages@0.1.0~predeploy: no script for predeploy, continuing
7 info lifecycle gitpages@0.1.0~deploy: gitpages@0.1.0
8 verbose lifecycle gitpages@0.1.0~deploy: unsafe-perm in lifecycle true
9 verbose lifecycle gitpages@0.1.0~deploy: PATH: C:\Program Files\nodejs\node_modules\npm\bin\node-gyp-bin;F:\GitHubPages\gitpages\node_modules\.bin;C:\ProgramData\Oracle\Java\javapath;C:\WINDOWS\system32;C:\WINDOWS;C:\WINDOWS\System32\Wbem;C:\WINDOWS\System32\WindowsPowerShell\v1.0\;C:\Program Files (x86)\ATI Technologies\ATI.ACE\Core-Static;C:\Program Files\Java\jdk1.8.0_101\bin;C:\Program Files\Java\jre1.8.0_101\bin;C:\Program Files\VisualSVN Server\bin;F:\apache-tomcat-8.5.4\bin;C:\Program Files\MySQL\MySQL Utilities 1.6\;C:\WINDOWS\system32\config\systemprofile\.dnx\bin;C:\Program Files\Microsoft DNX\Dnvm\;C:\Program Files\Microsoft SQL Server\130\Tools\Binn\;C:\Program Files\nodejs\;C:\Program Files (x86)\Skype\Phone\;C:\Program Files\Git\cmd;C:\Program Files\Intel\WiFi\bin\;C:\Program Files\Common Files\Intel\WirelessCommon\;C:\Program Files\nodejs;C:\Users\rushikeshk\AppData\Local\Microsoft\WindowsApps;C:\Program Files (x86)\Microsoft VS Code\bin;C:\Users\rushikeshk\AppData\Roaming\npm;C:\Program Files\Heroku\bin
10 verbose lifecycle gitpages@0.1.0~deploy: CWD: F:\GitHubPages\gitpages
11 silly lifecycle gitpages@0.1.0~deploy: Args: [ '/d /s /c', 'npm run build&&gh-pages -d build' ]
12 silly lifecycle gitpages@0.1.0~deploy: Returned: code: 1  signal: null
13 info lifecycle gitpages@0.1.0~deploy: Failed to exec deploy script
14 verbose stack Error: gitpages@0.1.0 deploy: `npm run build&&gh-pages -d build`
14 verbose stack Exit status 1
14 verbose stack     at EventEmitter.<anonymous> (C:\Program Files\nodejs\node_modules\npm\lib\utils\lifecycle.js:255:16)
14 verbose stack     at emitTwo (events.js:106:13)
14 verbose stack     at EventEmitter.emit (events.js:191:7)
14 verbose stack     at ChildProcess.<anonymous> (C:\Program Files\nodejs\node_modules\npm\lib\utils\spawn.js:40:14)
14 verbose stack     at emitTwo (events.js:106:13)
14 verbose stack     at ChildProcess.emit (events.js:191:7)
14 verbose stack     at maybeClose (internal/child_process.js:877:16)
14 verbose stack     at Process.ChildProcess._handle.onexit (internal/child_process.js:226:5)
15 verbose pkgid gitpages@0.1.0
16 verbose cwd F:\GitHubPages\gitpages
17 error Windows_NT 10.0.14393
18 error argv "C:\\Program Files\\nodejs\\node.exe" "C:\\Program Files\\nodejs\\node_modules\\npm\\bin\\npm-cli.js" "run" "deploy"
19 error node v6.9.2
20 error npm  v3.10.9
21 error code ELIFECYCLE
22 error gitpages@0.1.0 deploy: `npm run build&&gh-pages -d build`
22 error Exit status 1
23 error Failed at the gitpages@0.1.0 deploy script 'npm run build&&gh-pages -d build'.
23 error Make sure you have the latest version of node.js and npm installed.
23 error If you do, this is most likely a problem with the gitpages package,
23 error not with npm itself.
23 error Tell the author that this fails on your system:
23 error     npm run build&&gh-pages -d build
23 error You can get information on how to open an issue for this project with:
23 error     npm bugs gitpages
23 error Or if that isn't available, you can get their info via:
23 error     npm owner ls gitpages
23 error There is likely additional logging output above.
24 verbose exit [ 1, true ]
